<?xml version="1.0" encoding="UTF-8"?>
<!-- Generated by org.testng.reporters.JUnitReportReporter -->
<testsuite skipped="0" hostname="securax6" name="ApiTests.UploadAttendance_ZK" tests="2" failures="0" timestamp="6 Apr 2018 06:22:29 GMT" time="2.490" errors="0">
  <testcase name="uploadAttendance" time="2.013" classname="ApiTests.UploadAttendance_ZK"/>
  <testcase name="uploadAttendance" time="0.477" classname="ApiTests.UploadAttendance_ZK"/>
</testsuite> <!-- ApiTests.UploadAttendance_ZK -->
